<?xml version="1.0" encoding="UTF-8"?>
<testsuite xmlns:xsi="http://www.w3.org/2001/XMLSchema-instance" xsi:noNamespaceSchemaLocation="https://maven.apache.org/surefire/maven-surefire-plugin/xsd/surefire-test-report.xsd" name="choutuan.Servlet.User.TestJson" time="0.072" tests="2" errors="0" skipped="0" failures="0">
  <properties>
[...]
</properties>
  <testcase name="fun1" classname="choutuan.Servlet.User.TestJson" time="0.07"/>
  <testcase name="fun2" classname="choutuan.Servlet.User.TestJson" time="0.002"/>
</testsuite>